<?xml version="1.0" encoding="UTF-8"?>
<!-- Generated by org.testng.reporters.JUnitReportReporter -->
<testsuite skipped="0" hostname="LAPTOP-5SRGE26E" name="Academy.HomePage" tests="2" failures="0" timestamp="2020-04-08T14:23:44 IST" time="18.951" errors="0">
  <testcase name="basepagenavigation" time="9.878" classname="Academy.HomePage"/>
  <system-out/>
  <testcase name="basepagenavigation" time="9.073" classname="Academy.HomePage"/>
  <system-out/>
</testsuite> <!-- Academy.HomePage -->
