<?xml version="1.0" encoding="UTF-8"?>
<!-- Generated by org.testng.reporters.JUnitReportReporter -->
<testsuite skipped="0" hostname="LAPTOP-5SRGE26E" name="Academy.validateTitle" tests="1" failures="0" timestamp="2020-04-13T10:33:58 IST" time="0.065" errors="0">
  <testcase name="basepagenavigation" time="0.065" classname="Academy.validateTitle"/>
  <system-out/>
</testsuite> <!-- Academy.validateTitle -->
