<?xml version="1.0" encoding="UTF-8"?>
<!-- Generated by org.testng.reporters.JUnitReportReporter -->
<testsuite skipped="0" hostname="LAPTOP-5SRGE26E" name="Academy.HomePage" tests="2" failures="0" timestamp="2020-04-13T10:33:58 IST" time="32.139" errors="0">
  <testcase name="basepagenavigation" time="21.617" classname="Academy.HomePage"/>
  <system-out/>
  <testcase name="basepagenavigation" time="10.522" classname="Academy.HomePage"/>
  <system-out/>
</testsuite> <!-- Academy.HomePage -->
